# JRE version: OpenJDK Runtime Environment (8.0_152-b01) (build 1.8.0_152-release-1343-b01)
# Java VM: OpenJDK 64-Bit Server VM (25.152-b01 mixed mode windows-amd64 compressed oops)
Heap:
 PSYoungGen      total 476672K, used 43051K [0x00000000e0000000, 0x0000000100000000, 0x0000000100000000)
  eden space 450560K, 3% used [0x00000000e0000000,0x00000000e108b950,0x00000000fb800000)
  from space 26112K, 99% used [0x00000000fe580000,0x00000000ffeff440,0x00000000fff00000)
  to   space 36864K, 0% used [0x00000000fb800000,0x00000000fb800000,0x00000000fdc00000)
 ParOldGen       total 215040K, used 157705K [0x00000000a0000000, 0x00000000ad200000, 0x00000000e0000000)
  object space 215040K, 73% used [0x00000000a0000000,0x00000000a9a027d8,0x00000000ad200000)
 Metaspace       used 103853K, capacity 110442K, committed 110632K, reserved 1146880K
  class space    used 12954K, capacity 14109K, committed 14120K, reserved 1048576K
GC Heap History (10 events):
Event: 18627.413 GC heap before
{Heap before GC invocations=38 (full 4):
 PSYoungGen      total 412672K, used 394104K [0x00000000e0000000, 0x00000000fd300000, 0x0000000100000000)
  eden space 380416K, 100% used [0x00000000e0000000,0x00000000f7380000,0x00000000f7380000)
  from space 32256K, 42% used [0x00000000f7380000,0x00000000f80de0b0,0x00000000f9300000)
  to   space 30720K, 0% used [0x00000000fb500000,0x00000000fb500000,0x00000000fd300000)
 ParOldGen       total 215040K, used 136228K [0x00000000a0000000, 0x00000000ad200000, 0x00000000e0000000)
  object space 215040K, 63% used [0x00000000a0000000,0x00000000a85090a0,0x00000000ad200000)
 Metaspace       used 103650K, capacity 110200K, committed 110376K, reserved 1144832K
  class space    used 12945K, capacity 14100K, committed 14120K, reserved 1048576K
Event: 18627.443 GC heap after
Heap after GC invocations=38 (full 4):
 PSYoungGen      total 442368K, used 12766K [0x00000000e0000000, 0x00000000fcf00000, 0x0000000100000000)
  eden space 415744K, 0% used [0x00000000e0000000,0x00000000e0000000,0x00000000f9600000)
  from space 26624K, 47% used [0x00000000fb500000,0x00000000fc177840,0x00000000fcf00000)
  to   space 29184K, 0% used [0x00000000f9600000,0x00000000f9600000,0x00000000fb280000)
 ParOldGen       total 215040K, used 136228K [0x00000000a0000000, 0x00000000ad200000, 0x00000000e0000000)
  object space 215040K, 63% used [0x00000000a0000000,0x00000000a85090a0,0x00000000ad200000)
 Metaspace       used 103650K, capacity 110200K, committed 110376K, reserved 1144832K
  class space    used 12945K, capacity 14100K, committed 14120K, reserved 1048576K
}
Event: 18633.926 GC heap before
{Heap before GC invocations=39 (full 4):
 PSYoungGen      total 442368K, used 428510K [0x00000000e0000000, 0x00000000fcf00000, 0x0000000100000000)
  eden space 415744K, 100% used [0x00000000e0000000,0x00000000f9600000,0x00000000f9600000)
  from space 26624K, 47% used [0x00000000fb500000,0x00000000fc177840,0x00000000fcf00000)
  to   space 29184K, 0% used [0x00000000f9600000,0x00000000f9600000,0x00000000fb280000)
 ParOldGen       total 215040K, used 136228K [0x00000000a0000000, 0x00000000ad200000, 0x00000000e0000000)
  object space 215040K, 63% used [0x00000000a0000000,0x00000000a85090a0,0x00000000ad200000)
 Metaspace       used 103754K, capacity 110340K, committed 110376K, reserved 1144832K
  class space    used 12946K, capacity 14102K, committed 14120K, reserved 1048576K
Event: 18633.999 GC heap after
Heap after GC invocations=39 (full 4):
 PSYoungGen      total 444928K, used 11038K [0x00000000e0000000, 0x00000000ff200000, 0x0000000100000000)
  eden space 415744K, 0% used [0x00000000e0000000,0x00000000e0000000,0x00000000f9600000)
  from space 29184K, 37% used [0x00000000f9600000,0x00000000fa0c7bf8,0x00000000fb280000)
  to   space 28672K, 0% used [0x00000000fd600000,0x00000000fd600000,0x00000000ff200000)
 ParOldGen       total 215040K, used 136228K [0x00000000a0000000, 0x00000000ad200000, 0x00000000e0000000)
  object space 215040K, 63% used [0x00000000a0000000,0x00000000a85090a0,0x00000000ad200000)
 Metaspace       used 103754K, capacity 110340K, committed 110376K, reserved 1144832K
  class space    used 12946K, capacity 14102K, committed 14120K, reserved 1048576K
}
Event: 18635.806 GC heap before
{Heap before GC invocations=40 (full 4):
 PSYoungGen      total 444928K, used 426782K [0x00000000e0000000, 0x00000000ff200000, 0x0000000100000000)
  eden space 415744K, 100% used [0x00000000e0000000,0x00000000f9600000,0x00000000f9600000)
  from space 29184K, 37% used [0x00000000f9600000,0x00000000fa0c7bf8,0x00000000fb280000)
  to   space 28672K, 0% used [0x00000000fd600000,0x00000000fd600000,0x00000000ff200000)
 ParOldGen       total 215040K, used 136228K [0x00000000a0000000, 0x00000000ad200000, 0x00000000e0000000)
  object space 215040K, 63% used [0x00000000a0000000,0x00000000a85090a0,0x00000000ad200000)
 Metaspace       used 103768K, capacity 110340K, committed 110376K, reserved 1144832K
  class space    used 12947K, capacity 14102K, committed 14120K, reserved 1048576K
Event: 18635.834 GC heap after
Heap after GC invocations=40 (full 4):
 PSYoungGen      total 479232K, used 14071K [0x00000000e0000000, 0x00000000fef80000, 0x0000000100000000)
  eden space 453120K, 0% used [0x00000000e0000000,0x00000000e0000000,0x00000000fba80000)
  from space 26112K, 53% used [0x00000000fd600000,0x00000000fe3bdf88,0x00000000fef80000)
  to   space 27136K, 0% used [0x00000000fba80000,0x00000000fba80000,0x00000000fd500000)
 ParOldGen       total 215040K, used 137277K [0x00000000a0000000, 0x00000000ad200000, 0x00000000e0000000)
  object space 215040K, 63% used [0x00000000a0000000,0x00000000a860f590,0x00000000ad200000)
 Metaspace       used 103768K, capacity 110340K, committed 110376K, reserved 1144832K
  class space    used 12947K, capacity 14102K, committed 14120K, reserved 1048576K
}
Event: 18637.505 GC heap before
{Heap before GC invocations=41 (full 4):
 PSYoungGen      total 479232K, used 467191K [0x00000000e0000000, 0x00000000fef80000, 0x0000000100000000)
  eden space 453120K, 100% used [0x00000000e0000000,0x00000000fba80000,0x00000000fba80000)
  from space 26112K, 53% used [0x00000000fd600000,0x00000000fe3bdf88,0x00000000fef80000)
  to   space 27136K, 0% used [0x00000000fba80000,0x00000000fba80000,0x00000000fd500000)
 ParOldGen       total 215040K, used 137277K [0x00000000a0000000, 0x00000000ad200000, 0x00000000e0000000)
  object space 215040K, 63% used [0x00000000a0000000,0x00000000a860f590,0x00000000ad200000)
 Metaspace       used 103794K, capacity 110340K, committed 110376K, reserved 1144832K
  class space    used 12948K, capacity 14102K, committed 14120K, reserved 1048576K
Event: 18637.552 GC heap after
Heap after GC invocations=41 (full 4):
 PSYoungGen      total 480256K, used 13452K [0x00000000e0000000, 0x00000000fff00000, 0x0000000100000000)
  eden space 453120K, 0% used [0x00000000e0000000,0x00000000e0000000,0x00000000fba80000)
  from space 27136K, 49% used [0x00000000fba80000,0x00000000fc7a3310,0x00000000fd500000)
  to   space 26112K, 0% used [0x00000000fe580000,0x00000000fe580000,0x00000000fff00000)
 ParOldGen       total 215040K, used 137397K [0x00000000a0000000, 0x00000000ad200000, 0x00000000e0000000)
  object space 215040K, 63% used [0x00000000a0000000,0x00000000a862d590,0x00000000ad200000)
 Metaspace       used 103794K, capacity 110340K, committed 110376K, reserved 1144832K
  class space    used 12948K, capacity 14102K, committed 14120K, reserved 1048576K
}
Event: 18652.390 GC heap before
{Heap before GC invocations=42 (full 4):
 PSYoungGen      total 480256K, used 466572K [0x00000000e0000000, 0x00000000fff00000, 0x0000000100000000)
  eden space 453120K, 100% used [0x00000000e0000000,0x00000000fba80000,0x00000000fba80000)
  from space 27136K, 49% used [0x00000000fba80000,0x00000000fc7a3310,0x00000000fd500000)
  to   space 26112K, 0% used [0x00000000fe580000,0x00000000fe580000,0x00000000fff00000)
 ParOldGen       total 215040K, used 137397K [0x00000000a0000000, 0x00000000ad200000, 0x00000000e0000000)
  object space 215040K, 63% used [0x00000000a0000000,0x00000000a862d590,0x00000000ad200000)
 Metaspace       used 103851K, capacity 110378K, committed 110632K, reserved 1146880K
  class space    used 12954K, capacity 14109K, committed 14120K, reserved 1048576K
Event: 18652.476 GC heap after
Heap after GC invocations=42 (full 4):
 PSYoungGen      total 476672K, used 26109K [0x00000000e0000000, 0x0000000100000000, 0x0000000100000000)
  eden space 450560K, 0% used [0x00000000e0000000,0x00000000e0000000,0x00000000fb800000)
  from space 26112K, 99% used [0x00000000fe580000,0x00000000ffeff440,0x00000000fff00000)
  to   space 36864K, 0% used [0x00000000fb800000,0x00000000fb800000,0x00000000fdc00000)
 ParOldGen       total 215040K, used 157705K [0x00000000a0000000, 0x00000000ad200000, 0x00000000e0000000)
  object space 215040K, 73% used [0x00000000a0000000,0x00000000a9a027d8,0x00000000ad200000)
 Metaspace       used 103851K, capacity 110378K, committed 110632K, reserved 1146880K
  class space    used 12954K, capacity 14109K, committed 14120K, reserved 1048576K
}

