# JRE version: OpenJDK Runtime Environment (8.0_152-b01) (build 1.8.0_152-release-1343-b01)
# Java VM: OpenJDK 64-Bit Server VM (25.152-b01 mixed mode windows-amd64 compressed oops)
Heap:
 PSYoungGen      total 356864K, used 120360K [0x00000000e0000000, 0x00000000f9a00000, 0x0000000100000000)
  eden space 321024K, 34% used [0x00000000e0000000,0x00000000e6b435e0,0x00000000f3980000)
  from space 35840K, 29% used [0x00000000f5980000,0x00000000f63c6b48,0x00000000f7c80000)
  to   space 32768K, 0% used [0x00000000f3980000,0x00000000f3980000,0x00000000f5980000)
 ParOldGen       total 126464K, used 106984K [0x00000000a0000000, 0x00000000a7b80000, 0x00000000e0000000)
  object space 126464K, 84% used [0x00000000a0000000,0x00000000a687a150,0x00000000a7b80000)
 Metaspace       used 90366K, capacity 93962K, committed 94104K, reserved 1130496K
  class space    used 11459K, capacity 12144K, committed 12200K, reserved 1048576K
GC Heap History (10 events):
Event: 1649.644 GC heap before
{Heap before GC invocations=27 (full 3):
 PSYoungGen      total 301056K, used 270736K [0x00000000e0000000, 0x00000000f7f00000, 0x0000000100000000)
  eden space 262144K, 100% used [0x00000000e0000000,0x00000000f0000000,0x00000000f0000000)
  from space 38912K, 22% used [0x00000000f0000000,0x00000000f08640f0,0x00000000f2600000)
  to   space 38400K, 0% used [0x00000000f5980000,0x00000000f5980000,0x00000000f7f00000)
 ParOldGen       total 126464K, used 103076K [0x00000000a0000000, 0x00000000a7b80000, 0x00000000e0000000)
  object space 126464K, 81% used [0x00000000a0000000,0x00000000a64a9120,0x00000000a7b80000)
 Metaspace       used 90022K, capacity 93540K, committed 93848K, reserved 1130496K
  class space    used 11437K, capacity 12139K, committed 12200K, reserved 1048576K
Event: 1649.679 GC heap after
Heap after GC invocations=27 (full 3):
 PSYoungGen      total 350720K, used 10912K [0x00000000e0000000, 0x00000000f7c80000, 0x0000000100000000)
  eden space 314880K, 0% used [0x00000000e0000000,0x00000000e0000000,0x00000000f3380000)
  from space 35840K, 30% used [0x00000000f5980000,0x00000000f64280d0,0x00000000f7c80000)
  to   space 37376K, 0% used [0x00000000f3380000,0x00000000f3380000,0x00000000f5800000)
 ParOldGen       total 126464K, used 106352K [0x00000000a0000000, 0x00000000a7b80000, 0x00000000e0000000)
  object space 126464K, 84% used [0x00000000a0000000,0x00000000a67dc140,0x00000000a7b80000)
 Metaspace       used 90022K, capacity 93540K, committed 93848K, reserved 1130496K
  class space    used 11437K, capacity 12139K, committed 12200K, reserved 1048576K
}
Event: 1651.824 GC heap before
{Heap before GC invocations=28 (full 3):
 PSYoungGen      total 350720K, used 325792K [0x00000000e0000000, 0x00000000f7c80000, 0x0000000100000000)
  eden space 314880K, 100% used [0x00000000e0000000,0x00000000f3380000,0x00000000f3380000)
  from space 35840K, 30% used [0x00000000f5980000,0x00000000f64280d0,0x00000000f7c80000)
  to   space 37376K, 0% used [0x00000000f3380000,0x00000000f3380000,0x00000000f5800000)
 ParOldGen       total 126464K, used 106352K [0x00000000a0000000, 0x00000000a7b80000, 0x00000000e0000000)
  object space 126464K, 84% used [0x00000000a0000000,0x00000000a67dc140,0x00000000a7b80000)
 Metaspace       used 90142K, capacity 93680K, committed 93848K, reserved 1130496K
  class space    used 11437K, capacity 12139K, committed 12200K, reserved 1048576K
Event: 1651.853 GC heap after
Heap after GC invocations=28 (full 3):
 PSYoungGen      total 352256K, used 13377K [0x00000000e0000000, 0x00000000f7c80000, 0x0000000100000000)
  eden space 314880K, 0% used [0x00000000e0000000,0x00000000e0000000,0x00000000f3380000)
  from space 37376K, 35% used [0x00000000f3380000,0x00000000f40904e0,0x00000000f5800000)
  to   space 35840K, 0% used [0x00000000f5980000,0x00000000f5980000,0x00000000f7c80000)
 ParOldGen       total 126464K, used 106984K [0x00000000a0000000, 0x00000000a7b80000, 0x00000000e0000000)
  object space 126464K, 84% used [0x00000000a0000000,0x00000000a687a150,0x00000000a7b80000)
 Metaspace       used 90142K, capacity 93680K, committed 93848K, reserved 1130496K
  class space    used 11437K, capacity 12139K, committed 12200K, reserved 1048576K
}
Event: 1653.530 GC heap before
{Heap before GC invocations=29 (full 3):
 PSYoungGen      total 352256K, used 328257K [0x00000000e0000000, 0x00000000f7c80000, 0x0000000100000000)
  eden space 314880K, 100% used [0x00000000e0000000,0x00000000f3380000,0x00000000f3380000)
  from space 37376K, 35% used [0x00000000f3380000,0x00000000f40904e0,0x00000000f5800000)
  to   space 35840K, 0% used [0x00000000f5980000,0x00000000f5980000,0x00000000f7c80000)
 ParOldGen       total 126464K, used 106984K [0x00000000a0000000, 0x00000000a7b80000, 0x00000000e0000000)
  object space 126464K, 84% used [0x00000000a0000000,0x00000000a687a150,0x00000000a7b80000)
 Metaspace       used 90173K, capacity 93752K, committed 93848K, reserved 1130496K
  class space    used 11437K, capacity 12139K, committed 12200K, reserved 1048576K
Event: 1653.552 GC heap after
Heap after GC invocations=29 (full 3):
 PSYoungGen      total 350720K, used 12371K [0x00000000e0000000, 0x00000000f7c80000, 0x0000000100000000)
  eden space 314880K, 0% used [0x00000000e0000000,0x00000000e0000000,0x00000000f3380000)
  from space 35840K, 34% used [0x00000000f5980000,0x00000000f6594f90,0x00000000f7c80000)
  to   space 37376K, 0% used [0x00000000f3380000,0x00000000f3380000,0x00000000f5800000)
 ParOldGen       total 126464K, used 106984K [0x00000000a0000000, 0x00000000a7b80000, 0x00000000e0000000)
  object space 126464K, 84% used [0x00000000a0000000,0x00000000a687a150,0x00000000a7b80000)
 Metaspace       used 90173K, capacity 93752K, committed 93848K, reserved 1130496K
  class space    used 11437K, capacity 12139K, committed 12200K, reserved 1048576K
}
Event: 1655.117 GC heap before
{Heap before GC invocations=30 (full 3):
 PSYoungGen      total 350720K, used 327251K [0x00000000e0000000, 0x00000000f7c80000, 0x0000000100000000)
  eden space 314880K, 100% used [0x00000000e0000000,0x00000000f3380000,0x00000000f3380000)
  from space 35840K, 34% used [0x00000000f5980000,0x00000000f6594f90,0x00000000f7c80000)
  to   space 37376K, 0% used [0x00000000f3380000,0x00000000f3380000,0x00000000f5800000)
 ParOldGen       total 126464K, used 106984K [0x00000000a0000000, 0x00000000a7b80000, 0x00000000e0000000)
  object space 126464K, 84% used [0x00000000a0000000,0x00000000a687a150,0x00000000a7b80000)
 Metaspace       used 90192K, capacity 93816K, committed 94104K, reserved 1130496K
  class space    used 11437K, capacity 12139K, committed 12200K, reserved 1048576K
Event: 1655.142 GC heap after
Heap after GC invocations=30 (full 3):
 PSYoungGen      total 352256K, used 12634K [0x00000000e0000000, 0x00000000f7c80000, 0x0000000100000000)
  eden space 314880K, 0% used [0x00000000e0000000,0x00000000e0000000,0x00000000f3380000)
  from space 37376K, 33% used [0x00000000f3380000,0x00000000f3fd6b78,0x00000000f5800000)
  to   space 35840K, 0% used [0x00000000f5980000,0x00000000f5980000,0x00000000f7c80000)
 ParOldGen       total 126464K, used 106984K [0x00000000a0000000, 0x00000000a7b80000, 0x00000000e0000000)
  object space 126464K, 84% used [0x00000000a0000000,0x00000000a687a150,0x00000000a7b80000)
 Metaspace       used 90192K, capacity 93816K, committed 94104K, reserved 1130496K
  class space    used 11437K, capacity 12139K, committed 12200K, reserved 1048576K
}
Event: 1656.811 GC heap before
{Heap before GC invocations=31 (full 3):
 PSYoungGen      total 352256K, used 327514K [0x00000000e0000000, 0x00000000f7c80000, 0x0000000100000000)
  eden space 314880K, 100% used [0x00000000e0000000,0x00000000f3380000,0x00000000f3380000)
  from space 37376K, 33% used [0x00000000f3380000,0x00000000f3fd6b78,0x00000000f5800000)
  to   space 35840K, 0% used [0x00000000f5980000,0x00000000f5980000,0x00000000f7c80000)
 ParOldGen       total 126464K, used 106984K [0x00000000a0000000, 0x00000000a7b80000, 0x00000000e0000000)
  object space 126464K, 84% used [0x00000000a0000000,0x00000000a687a150,0x00000000a7b80000)
 Metaspace       used 90223K, capacity 93820K, committed 94104K, reserved 1130496K
  class space    used 11437K, capacity 12139K, committed 12200K, reserved 1048576K
Event: 1656.827 GC heap after
Heap after GC invocations=31 (full 3):
 PSYoungGen      total 356864K, used 10522K [0x00000000e0000000, 0x00000000f9a00000, 0x0000000100000000)
  eden space 321024K, 0% used [0x00000000e0000000,0x00000000e0000000,0x00000000f3980000)
  from space 35840K, 29% used [0x00000000f5980000,0x00000000f63c6b48,0x00000000f7c80000)
  to   space 32768K, 0% used [0x00000000f3980000,0x00000000f3980000,0x00000000f5980000)
 ParOldGen       total 126464K, used 106984K [0x00000000a0000000, 0x00000000a7b80000, 0x00000000e0000000)
  object space 126464K, 84% used [0x00000000a0000000,0x00000000a687a150,0x00000000a7b80000)
 Metaspace       used 90223K, capacity 93820K, committed 94104K, reserved 1130496K
  class space    used 11437K, capacity 12139K, committed 12200K, reserved 1048576K
}

