# JRE version: OpenJDK Runtime Environment (8.0_152-b01) (build 1.8.0_152-release-1343-b01)
# Java VM: OpenJDK 64-Bit Server VM (25.152-b01 mixed mode windows-amd64 compressed oops)
Heap:
 PSYoungGen      total 211456K, used 122207K [0x00000000e0000000, 0x00000000ee180000, 0x0000000100000000)
  eden space 201216K, 60% used [0x00000000e0000000,0x00000000e7757fb8,0x00000000ec480000)
  from space 10240K, 0% used [0x00000000ed780000,0x00000000ed780000,0x00000000ee180000)
  to   space 13824K, 0% used [0x00000000ec680000,0x00000000ec680000,0x00000000ed400000)
 ParOldGen       total 112128K, used 32340K [0x00000000a0000000, 0x00000000a6d80000, 0x00000000e0000000)
  object space 112128K, 28% used [0x00000000a0000000,0x00000000a1f951c0,0x00000000a6d80000)
 Metaspace       used 61343K, capacity 63258K, committed 63576K, reserved 1103872K
  class space    used 8254K, capacity 8690K, committed 8792K, reserved 1048576K
GC Heap History (10 events):
Event: 15.193 GC heap before
{Heap before GC invocations=11 (full 2):
 PSYoungGen      total 125440K, used 9626K [0x00000000e0000000, 0x00000000eb300000, 0x0000000100000000)
  eden space 114176K, 0% used [0x00000000e0000000,0x00000000e0000000,0x00000000e6f80000)
  from space 11264K, 85% used [0x00000000e6f80000,0x00000000e78e6920,0x00000000e7a80000)
  to   space 11776K, 0% used [0x00000000ea780000,0x00000000ea780000,0x00000000eb300000)
 ParOldGen       total 54272K, used 7775K [0x00000000a0000000, 0x00000000a3500000, 0x00000000e0000000)
  object space 54272K, 14% used [0x00000000a0000000,0x00000000a0797e18,0x00000000a3500000)
 Metaspace       used 34768K, capacity 35432K, committed 35456K, reserved 1079296K
  class space    used 4795K, capacity 4989K, committed 4992K, reserved 1048576K
Event: 15.269 GC heap after
Heap after GC invocations=11 (full 2):
 PSYoungGen      total 125440K, used 0K [0x00000000e0000000, 0x00000000eb300000, 0x0000000100000000)
  eden space 114176K, 0% used [0x00000000e0000000,0x00000000e0000000,0x00000000e6f80000)
  from space 11264K, 0% used [0x00000000e6f80000,0x00000000e6f80000,0x00000000e7a80000)
  to   space 11776K, 0% used [0x00000000ea780000,0x00000000ea780000,0x00000000eb300000)
 ParOldGen       total 76800K, used 16548K [0x00000000a0000000, 0x00000000a4b00000, 0x00000000e0000000)
  object space 76800K, 21% used [0x00000000a0000000,0x00000000a1029258,0x00000000a4b00000)
 Metaspace       used 34758K, capacity 35396K, committed 35456K, reserved 1079296K
  class space    used 4791K, capacity 4983K, committed 4992K, reserved 1048576K
}
Event: 27.492 GC heap before
{Heap before GC invocations=12 (full 2):
 PSYoungGen      total 125440K, used 114176K [0x00000000e0000000, 0x00000000eb300000, 0x0000000100000000)
  eden space 114176K, 100% used [0x00000000e0000000,0x00000000e6f80000,0x00000000e6f80000)
  from space 11264K, 0% used [0x00000000e6f80000,0x00000000e6f80000,0x00000000e7a80000)
  to   space 11776K, 0% used [0x00000000ea780000,0x00000000ea780000,0x00000000eb300000)
 ParOldGen       total 76800K, used 16548K [0x00000000a0000000, 0x00000000a4b00000, 0x00000000e0000000)
  object space 76800K, 21% used [0x00000000a0000000,0x00000000a1029258,0x00000000a4b00000)
 Metaspace       used 45455K, capacity 46368K, committed 46592K, reserved 1089536K
  class space    used 6122K, capacity 6377K, committed 6400K, reserved 1048576K
Event: 27.526 GC heap after
Heap after GC invocations=12 (full 2):
 PSYoungGen      total 167424K, used 11768K [0x00000000e0000000, 0x00000000eb300000, 0x0000000100000000)
  eden space 155648K, 0% used [0x00000000e0000000,0x00000000e0000000,0x00000000e9800000)
  from space 11776K, 99% used [0x00000000ea780000,0x00000000eb2fe190,0x00000000eb300000)
  to   space 13824K, 0% used [0x00000000e9800000,0x00000000e9800000,0x00000000ea580000)
 ParOldGen       total 76800K, used 19548K [0x00000000a0000000, 0x00000000a4b00000, 0x00000000e0000000)
  object space 76800K, 25% used [0x00000000a0000000,0x00000000a1317190,0x00000000a4b00000)
 Metaspace       used 45455K, capacity 46368K, committed 46592K, reserved 1089536K
  class space    used 6122K, capacity 6377K, committed 6400K, reserved 1048576K
}
Event: 39.629 GC heap before
{Heap before GC invocations=13 (full 2):
 PSYoungGen      total 167424K, used 167416K [0x00000000e0000000, 0x00000000eb300000, 0x0000000100000000)
  eden space 155648K, 100% used [0x00000000e0000000,0x00000000e9800000,0x00000000e9800000)
  from space 11776K, 99% used [0x00000000ea780000,0x00000000eb2fe190,0x00000000eb300000)
  to   space 13824K, 0% used [0x00000000e9800000,0x00000000e9800000,0x00000000ea580000)
 ParOldGen       total 76800K, used 19548K [0x00000000a0000000, 0x00000000a4b00000, 0x00000000e0000000)
  object space 76800K, 25% used [0x00000000a0000000,0x00000000a1317190,0x00000000a4b00000)
 Metaspace       used 50599K, capacity 51670K, committed 51840K, reserved 1093632K
  class space    used 6742K, capacity 7022K, committed 7040K, reserved 1048576K
Event: 39.655 GC heap after
Heap after GC invocations=13 (full 2):
 PSYoungGen      total 169472K, used 8359K [0x00000000e0000000, 0x00000000ee500000, 0x0000000100000000)
  eden space 155648K, 0% used [0x00000000e0000000,0x00000000e0000000,0x00000000e9800000)
  from space 13824K, 60% used [0x00000000e9800000,0x00000000ea029ff0,0x00000000ea580000)
  to   space 13824K, 0% used [0x00000000ed780000,0x00000000ed780000,0x00000000ee500000)
 ParOldGen       total 76800K, used 26851K [0x00000000a0000000, 0x00000000a4b00000, 0x00000000e0000000)
  object space 76800K, 34% used [0x00000000a0000000,0x00000000a1a38fd8,0x00000000a4b00000)
 Metaspace       used 50599K, capacity 51670K, committed 51840K, reserved 1093632K
  class space    used 6742K, capacity 7022K, committed 7040K, reserved 1048576K
}
Event: 52.899 GC heap before
{Heap before GC invocations=14 (full 2):
 PSYoungGen      total 169472K, used 99556K [0x00000000e0000000, 0x00000000ee500000, 0x0000000100000000)
  eden space 155648K, 58% used [0x00000000e0000000,0x00000000e590f160,0x00000000e9800000)
  from space 13824K, 60% used [0x00000000e9800000,0x00000000ea029ff0,0x00000000ea580000)
  to   space 13824K, 0% used [0x00000000ed780000,0x00000000ed780000,0x00000000ee500000)
 ParOldGen       total 76800K, used 26851K [0x00000000a0000000, 0x00000000a4b00000, 0x00000000e0000000)
  object space 76800K, 34% used [0x00000000a0000000,0x00000000a1a38fd8,0x00000000a4b00000)
 Metaspace       used 57443K, capacity 59026K, committed 59096K, reserved 1099776K
  class space    used 7704K, capacity 8084K, committed 8152K, reserved 1048576K
Event: 52.915 GC heap after
Heap after GC invocations=14 (full 2):
 PSYoungGen      total 211456K, used 9995K [0x00000000e0000000, 0x00000000ee180000, 0x0000000100000000)
  eden space 201216K, 0% used [0x00000000e0000000,0x00000000e0000000,0x00000000ec480000)
  from space 10240K, 97% used [0x00000000ed780000,0x00000000ee142df8,0x00000000ee180000)
  to   space 13824K, 0% used [0x00000000ec680000,0x00000000ec680000,0x00000000ed400000)
 ParOldGen       total 76800K, used 28237K [0x00000000a0000000, 0x00000000a4b00000, 0x00000000e0000000)
  object space 76800K, 36% used [0x00000000a0000000,0x00000000a1b93698,0x00000000a4b00000)
 Metaspace       used 57443K, capacity 59026K, committed 59096K, reserved 1099776K
  class space    used 7704K, capacity 8084K, committed 8152K, reserved 1048576K
}
Event: 52.915 GC heap before
{Heap before GC invocations=15 (full 3):
 PSYoungGen      total 211456K, used 9995K [0x00000000e0000000, 0x00000000ee180000, 0x0000000100000000)
  eden space 201216K, 0% used [0x00000000e0000000,0x00000000e0000000,0x00000000ec480000)
  from space 10240K, 97% used [0x00000000ed780000,0x00000000ee142df8,0x00000000ee180000)
  to   space 13824K, 0% used [0x00000000ec680000,0x00000000ec680000,0x00000000ed400000)
 ParOldGen       total 76800K, used 28237K [0x00000000a0000000, 0x00000000a4b00000, 0x00000000e0000000)
  object space 76800K, 36% used [0x00000000a0000000,0x00000000a1b93698,0x00000000a4b00000)
 Metaspace       used 57443K, capacity 59026K, committed 59096K, reserved 1099776K
  class space    used 7704K, capacity 8084K, committed 8152K, reserved 1048576K
Event: 53.216 GC heap after
Heap after GC invocations=15 (full 3):
 PSYoungGen      total 211456K, used 0K [0x00000000e0000000, 0x00000000ee180000, 0x0000000100000000)
  eden space 201216K, 0% used [0x00000000e0000000,0x00000000e0000000,0x00000000ec480000)
  from space 10240K, 0% used [0x00000000ed780000,0x00000000ed780000,0x00000000ee180000)
  to   space 13824K, 0% used [0x00000000ec680000,0x00000000ec680000,0x00000000ed400000)
 ParOldGen       total 112128K, used 32340K [0x00000000a0000000, 0x00000000a6d80000, 0x00000000e0000000)
  object space 112128K, 28% used [0x00000000a0000000,0x00000000a1f951c0,0x00000000a6d80000)
 Metaspace       used 57443K, capacity 59026K, committed 59096K, reserved 1099776K
  class space    used 7704K, capacity 8084K, committed 8152K, reserved 1048576K
}

