# JRE version: OpenJDK Runtime Environment (8.0_152-b01) (build 1.8.0_152-release-1343-b01)
# Java VM: OpenJDK 64-Bit Server VM (25.152-b01 mixed mode windows-amd64 compressed oops)
Heap:
 PSYoungGen      total 239104K, used 88942K [0x00000000e0000000, 0x00000000f3d80000, 0x0000000100000000)
  eden space 162304K, 13% used [0x00000000e0000000,0x00000000e14d5a50,0x00000000e9e80000)
  from space 76800K, 88% used [0x00000000e9e80000,0x00000000ee085dc0,0x00000000ee980000)
  to   space 69632K, 0% used [0x00000000ee980000,0x00000000ee980000,0x00000000f2d80000)
 ParOldGen       total 169984K, used 62134K [0x00000000a0000000, 0x00000000aa600000, 0x00000000e0000000)
  object space 169984K, 36% used [0x00000000a0000000,0x00000000a3cad8c0,0x00000000aa600000)
 Metaspace       used 105053K, capacity 111608K, committed 111896K, reserved 1146880K
  class space    used 13191K, capacity 14312K, committed 14360K, reserved 1048576K
GC Heap History (10 events):
Event: 4453.145 GC heap before
{Heap before GC invocations=43 (full 4):
 PSYoungGen      total 180736K, used 174474K [0x00000000e0000000, 0x00000000eef00000, 0x0000000100000000)
  eden space 132096K, 100% used [0x00000000e0000000,0x00000000e8100000,0x00000000e8100000)
  from space 48640K, 87% used [0x00000000eb600000,0x00000000edf62878,0x00000000ee580000)
  to   space 54272K, 0% used [0x00000000e8100000,0x00000000e8100000,0x00000000eb600000)
 ParOldGen       total 169984K, used 61190K [0x00000000a0000000, 0x00000000aa600000, 0x00000000e0000000)
  object space 169984K, 35% used [0x00000000a0000000,0x00000000a3bc1890,0x00000000aa600000)
 Metaspace       used 94812K, capacity 100764K, committed 101016K, reserved 1136640K
  class space    used 11893K, capacity 12847K, committed 12952K, reserved 1048576K
Event: 4453.306 GC heap after
Heap after GC invocations=43 (full 4):
 PSYoungGen      total 186368K, used 45537K [0x00000000e0000000, 0x00000000f0800000, 0x0000000100000000)
  eden space 132096K, 0% used [0x00000000e0000000,0x00000000e0000000,0x00000000e8100000)
  from space 54272K, 83% used [0x00000000e8100000,0x00000000ead784a0,0x00000000eb600000)
  to   space 59904K, 0% used [0x00000000ecd80000,0x00000000ecd80000,0x00000000f0800000)
 ParOldGen       total 169984K, used 61198K [0x00000000a0000000, 0x00000000aa600000, 0x00000000e0000000)
  object space 169984K, 36% used [0x00000000a0000000,0x00000000a3bc3890,0x00000000aa600000)
 Metaspace       used 94812K, capacity 100764K, committed 101016K, reserved 1136640K
  class space    used 11893K, capacity 12847K, committed 12952K, reserved 1048576K
}
Event: 4681.463 GC heap before
{Heap before GC invocations=44 (full 4):
 PSYoungGen      total 186368K, used 177633K [0x00000000e0000000, 0x00000000f0800000, 0x0000000100000000)
  eden space 132096K, 100% used [0x00000000e0000000,0x00000000e8100000,0x00000000e8100000)
  from space 54272K, 83% used [0x00000000e8100000,0x00000000ead784a0,0x00000000eb600000)
  to   space 59904K, 0% used [0x00000000ecd80000,0x00000000ecd80000,0x00000000f0800000)
 ParOldGen       total 169984K, used 61198K [0x00000000a0000000, 0x00000000aa600000, 0x00000000e0000000)
  object space 169984K, 36% used [0x00000000a0000000,0x00000000a3bc3890,0x00000000aa600000)
 Metaspace       used 98347K, capacity 104666K, committed 104856K, reserved 1140736K
  class space    used 12301K, capacity 13341K, committed 13464K, reserved 1048576K
Event: 4681.545 GC heap after
Heap after GC invocations=44 (full 4):
 PSYoungGen      total 205824K, used 46017K [0x00000000e0000000, 0x00000000f0e80000, 0x0000000100000000)
  eden space 145920K, 0% used [0x00000000e0000000,0x00000000e0000000,0x00000000e8e80000)
  from space 59904K, 76% used [0x00000000ecd80000,0x00000000efa70600,0x00000000f0800000)
  to   space 64512K, 0% used [0x00000000e8e80000,0x00000000e8e80000,0x00000000ecd80000)
 ParOldGen       total 169984K, used 61206K [0x00000000a0000000, 0x00000000aa600000, 0x00000000e0000000)
  object space 169984K, 36% used [0x00000000a0000000,0x00000000a3bc5890,0x00000000aa600000)
 Metaspace       used 98347K, capacity 104666K, committed 104856K, reserved 1140736K
  class space    used 12301K, capacity 13341K, committed 13464K, reserved 1048576K
}
Event: 4682.602 GC heap before
{Heap before GC invocations=45 (full 4):
 PSYoungGen      total 205824K, used 191937K [0x00000000e0000000, 0x00000000f0e80000, 0x0000000100000000)
  eden space 145920K, 100% used [0x00000000e0000000,0x00000000e8e80000,0x00000000e8e80000)
  from space 59904K, 76% used [0x00000000ecd80000,0x00000000efa70600,0x00000000f0800000)
  to   space 64512K, 0% used [0x00000000e8e80000,0x00000000e8e80000,0x00000000ecd80000)
 ParOldGen       total 169984K, used 61206K [0x00000000a0000000, 0x00000000aa600000, 0x00000000e0000000)
  object space 169984K, 36% used [0x00000000a0000000,0x00000000a3bc5890,0x00000000aa600000)
 Metaspace       used 98708K, capacity 104980K, committed 105112K, reserved 1140736K
  class space    used 12357K, capacity 13377K, committed 13464K, reserved 1048576K
Event: 4682.692 GC heap after
Heap after GC invocations=45 (full 4):
 PSYoungGen      total 210432K, used 50277K [0x00000000e0000000, 0x00000000f2d80000, 0x0000000100000000)
  eden space 145920K, 0% used [0x00000000e0000000,0x00000000e0000000,0x00000000e8e80000)
  from space 64512K, 77% used [0x00000000e8e80000,0x00000000ebf994e8,0x00000000ecd80000)
  to   space 69632K, 0% used [0x00000000ee980000,0x00000000ee980000,0x00000000f2d80000)
 ParOldGen       total 169984K, used 61206K [0x00000000a0000000, 0x00000000aa600000, 0x00000000e0000000)
  object space 169984K, 36% used [0x00000000a0000000,0x00000000a3bc5890,0x00000000aa600000)
 Metaspace       used 98708K, capacity 104980K, committed 105112K, reserved 1140736K
  class space    used 12357K, capacity 13377K, committed 13464K, reserved 1048576K
}
Event: 4684.441 GC heap before
{Heap before GC invocations=46 (full 4):
 PSYoungGen      total 210432K, used 196197K [0x00000000e0000000, 0x00000000f2d80000, 0x0000000100000000)
  eden space 145920K, 100% used [0x00000000e0000000,0x00000000e8e80000,0x00000000e8e80000)
  from space 64512K, 77% used [0x00000000e8e80000,0x00000000ebf994e8,0x00000000ecd80000)
  to   space 69632K, 0% used [0x00000000ee980000,0x00000000ee980000,0x00000000f2d80000)
 ParOldGen       total 169984K, used 61206K [0x00000000a0000000, 0x00000000aa600000, 0x00000000e0000000)
  object space 169984K, 36% used [0x00000000a0000000,0x00000000a3bc5890,0x00000000aa600000)
 Metaspace       used 100088K, capacity 106526K, committed 106648K, reserved 1142784K
  class space    used 12561K, capacity 13638K, committed 13720K, reserved 1048576K
Event: 4684.564 GC heap after
Heap after GC invocations=46 (full 4):
 PSYoungGen      total 231936K, used 58638K [0x00000000e0000000, 0x00000000f3d80000, 0x0000000100000000)
  eden space 162304K, 0% used [0x00000000e0000000,0x00000000e0000000,0x00000000e9e80000)
  from space 69632K, 84% used [0x00000000ee980000,0x00000000f22c3830,0x00000000f2d80000)
  to   space 76800K, 0% used [0x00000000e9e80000,0x00000000e9e80000,0x00000000ee980000)
 ParOldGen       total 169984K, used 61894K [0x00000000a0000000, 0x00000000aa600000, 0x00000000e0000000)
  object space 169984K, 36% used [0x00000000a0000000,0x00000000a3c718c0,0x00000000aa600000)
 Metaspace       used 100088K, capacity 106526K, committed 106648K, reserved 1142784K
  class space    used 12561K, capacity 13638K, committed 13720K, reserved 1048576K
}
Event: 4728.731 GC heap before
{Heap before GC invocations=47 (full 4):
 PSYoungGen      total 231936K, used 220942K [0x00000000e0000000, 0x00000000f3d80000, 0x0000000100000000)
  eden space 162304K, 100% used [0x00000000e0000000,0x00000000e9e80000,0x00000000e9e80000)
  from space 69632K, 84% used [0x00000000ee980000,0x00000000f22c3830,0x00000000f2d80000)
  to   space 76800K, 0% used [0x00000000e9e80000,0x00000000e9e80000,0x00000000ee980000)
 ParOldGen       total 169984K, used 61894K [0x00000000a0000000, 0x00000000aa600000, 0x00000000e0000000)
  object space 169984K, 36% used [0x00000000a0000000,0x00000000a3c718c0,0x00000000aa600000)
 Metaspace       used 104689K, capacity 111304K, committed 111640K, reserved 1146880K
  class space    used 13136K, capacity 14276K, committed 14360K, reserved 1048576K
Event: 4728.815 GC heap after
Heap after GC invocations=47 (full 4):
 PSYoungGen      total 239104K, used 67607K [0x00000000e0000000, 0x00000000f3d80000, 0x0000000100000000)
  eden space 162304K, 0% used [0x00000000e0000000,0x00000000e0000000,0x00000000e9e80000)
  from space 76800K, 88% used [0x00000000e9e80000,0x00000000ee085dc0,0x00000000ee980000)
  to   space 69632K, 0% used [0x00000000ee980000,0x00000000ee980000,0x00000000f2d80000)
 ParOldGen       total 169984K, used 62134K [0x00000000a0000000, 0x00000000aa600000, 0x00000000e0000000)
  object space 169984K, 36% used [0x00000000a0000000,0x00000000a3cad8c0,0x00000000aa600000)
 Metaspace       used 104689K, capacity 111304K, committed 111640K, reserved 1146880K
  class space    used 13136K, capacity 14276K, committed 14360K, reserved 1048576K
}

